<html>
<body>
<pre>
<h1>µVision Build Log</h1>
<h2>Project:</h2>
C:\Users\Yogiraj Ganesh\Documents\Embedded\ARM\Embedded C\7-Segment\7_Segment.uvproj
Project File Date:  01/02/2026

<h2>Output:</h2>
Rebuild target 'Target 1'
assembling Startup.s...
compiling main.c...
main.c(2): error:  #5: cannot open source input file "delay.c": No such file or directory
Target not created
Rebuild target 'Target 1'
assembling Startup.s...
compiling main.c...
main.c(14): error:  #65: expected a ";"
main.c(36): warning:  #12-D: parsing restarts here after previous syntax error
main.c(37): error:  #79: expected a type specifier
main.c(37): warning:  #77-D: this declaration has no storage class or type specifier
main.c(37): error:  #147: declaration is incompatible with "void delay_ms(U32)" (declared at line 14 of "delay.c")
main.c(38): error:  #40: expected an identifier
main.c(38): error:  #18: expected a ")"
main.c(38): error:  #144: a value of type "int" cannot be used to initialize an entity of type "int *"
main.c(40): error:  #169: expected a declaration
main.c(47): warning: At end of source:  #12-D: parsing restarts here after previous syntax error
Target not created
Rebuild target 'Target 1'
assembling Startup.s...
compiling main.c...
main.c(16): error:  #109: expression must have (pointer-to-) function type
main.c(22): error:  #109: expression must have (pointer-to-) function type
main.c(28): error:  #109: expression must have (pointer-to-) function type
main.c(34): error:  #109: expression must have (pointer-to-) function type
main.c(44): error:  #29: expected an expression
Target not created
Rebuild target 'Target 1'
assembling Startup.s...
compiling main.c...
main.c(16): error:  #109: expression must have (pointer-to-) function type
main.c(22): error:  #109: expression must have (pointer-to-) function type
main.c(28): error:  #109: expression must have (pointer-to-) function type
main.c(34): error:  #109: expression must have (pointer-to-) function type
main.c(44): error:  #29: expected an expression
Target not created
Rebuild target 'Target 1'
assembling Startup.s...
compiling main.c...
main.c(44): error:  #29: expected an expression
Target not created
Rebuild target 'Target 1'
assembling Startup.s...
compiling main.c...
linking...
Program Size: Code=1700 RO-data=32 RW-data=12 ZI-data=1260  
FromELF: creating hex file...
"7_Segment.axf" - 0 Error(s), 0 Warning(s).
